2025-03-31 12:39:04,185 [Worker-5: Loading available Gradle versions] INFO  o.e.b.c.i.u.g.PublishedGradleVersions - Gradle version information cache is up-to-date. Trying to read.
2025-03-31 12:39:33,580 [Worker-21: Importing Maven projects] INFO  o.e.m.c.i.l.LifecycleMappingFactory - Using org.eclipse.m2e.jdt.JarLifecycleMapping lifecycle mapping for MavenProject: es.us.universidad:WoundHealingTracker:1.0.0-SNAPSHOT @ C:\Users\Guill\OneDrive\Escritorio\TFG\example-imagej2-command-main\pom.xml.
2025-03-31 12:39:39,660 [Worker-21: Importing Maven projects] INFO  o.e.m.c.i.embedder.EclipseLogger - Adding ignore: module-info
2025-03-31 12:39:39,661 [Worker-21: Importing Maven projects] INFO  o.e.m.c.i.embedder.EclipseLogger - Adding ignore: META-INF/versions/*/module-info
2025-03-31 12:39:39,662 [Worker-21: Importing Maven projects] INFO  o.e.m.c.i.embedder.EclipseLogger - Adding ignore: com.esotericsoftware.kryo.*
2025-03-31 12:39:39,662 [Worker-21: Importing Maven projects] INFO  o.e.m.c.i.embedder.EclipseLogger - Adding ignore: com.esotericsoftware.minlog.*
2025-03-31 12:39:39,662 [Worker-21: Importing Maven projects] INFO  o.e.m.c.i.embedder.EclipseLogger - Adding ignore: com.esotericsoftware.reflectasm.*
2025-03-31 12:39:39,662 [Worker-21: Importing Maven projects] INFO  o.e.m.c.i.embedder.EclipseLogger - Adding ignore: com.google.inject.*
2025-03-31 12:39:39,662 [Worker-21: Importing Maven projects] INFO  o.e.m.c.i.embedder.EclipseLogger - Adding ignore: jnr.ffi.*
2025-03-31 12:39:39,662 [Worker-21: Importing Maven projects] INFO  o.e.m.c.i.embedder.EclipseLogger - Adding ignore: org.apache.hadoop.yarn.*.package-info
2025-03-31 12:39:39,662 [Worker-21: Importing Maven projects] INFO  o.e.m.c.i.embedder.EclipseLogger - Adding ignore: org.apache.spark.unused.UnusedStubClass
2025-03-31 12:39:39,662 [Worker-21: Importing Maven projects] INFO  o.e.m.c.i.embedder.EclipseLogger - Adding ignore: org.hibernate.stat.ConcurrentStatisticsImpl
2025-03-31 12:39:39,662 [Worker-21: Importing Maven projects] INFO  o.e.m.c.i.embedder.EclipseLogger - Adding ignore: org.jetbrains.kotlin.daemon.common.*
2025-03-31 12:39:39,662 [Worker-21: Importing Maven projects] INFO  o.e.m.c.i.embedder.EclipseLogger - Adding ignore: org.junit.runner.Runner
2025-03-31 12:39:39,906 [Worker-21: Importing Maven projects] WARN  o.e.m.c.i.embedder.EclipseLogger - Could not find net.imagej:imagej:jar:2.3.0:compile at null
2025-03-31 12:39:40,118 [Worker-21: Importing Maven projects] INFO  o.e.m.c.i.embedder.EclipseLogger - Adding ignore: module-info
2025-03-31 12:39:40,118 [Worker-21: Importing Maven projects] INFO  o.e.m.c.i.embedder.EclipseLogger - Adding ignore: module-info
2025-03-31 12:39:41,974 [Worker-21: Importing Maven projects] INFO  o.e.m.c.i.embedder.EclipseLogger - Executing: cmd.exe /X /C "git rev-parse --verify HEAD"
2025-03-31 12:39:41,974 [Worker-21: Importing Maven projects] INFO  o.e.m.c.i.embedder.EclipseLogger - Working directory: C:\Users\Guill\OneDrive\Escritorio\TFG\example-imagej2-command-main
2025-03-31 12:39:42,029 [Worker-21: Importing Maven projects] INFO  o.e.m.c.i.embedder.EclipseLogger - Storing buildNumber: UNKNOWN at timestamp: 1743417581956
2025-03-31 12:39:42,074 [Worker-21: Importing Maven projects] WARN  o.e.m.c.i.embedder.EclipseLogger - Cannot get the branch information from the git repository: 
Detecting the current branch failed: fatal: not a git repository (or any of the parent directories): .git

2025-03-31 12:39:42,075 [Worker-21: Importing Maven projects] INFO  o.e.m.c.i.embedder.EclipseLogger - Executing: cmd.exe /X /C "git rev-parse --verify HEAD"
2025-03-31 12:39:42,075 [Worker-21: Importing Maven projects] INFO  o.e.m.c.i.embedder.EclipseLogger - Working directory: C:\Users\Guill\OneDrive\Escritorio\TFG\example-imagej2-command-main
2025-03-31 12:39:42,113 [Worker-21: Importing Maven projects] INFO  o.e.m.c.i.embedder.EclipseLogger - Storing buildScmBranch: UNKNOWN_BRANCH
2025-03-31 12:39:42,307 [Worker-21: Importing Maven projects] INFO  o.e.m.j.i.AbstractJavaProjectConfigurator - Adding source folder /WoundHealingTracker/src/main/java
2025-03-31 12:39:42,309 [Worker-21: Importing Maven projects] INFO  o.e.m.j.i.AbstractJavaProjectConfigurator - Adding resource folder /WoundHealingTracker/src/main/resources
2025-03-31 12:39:42,310 [Worker-21: Importing Maven projects] INFO  o.e.m.j.i.AbstractJavaProjectConfigurator - Adding source folder /WoundHealingTracker/src/test/java
2025-03-31 12:39:42,311 [Worker-21: Importing Maven projects] INFO  o.e.m.j.i.AbstractJavaProjectConfigurator - Adding resource folder /WoundHealingTracker/src/test/resources
2025-03-31 12:39:42,814 [Worker-21: Importing Maven projects] INFO  o.e.m.c.i.p.ProjectConfigurationManager - Imported and configured 1 project(s) in 11 sec
2025-03-31 12:39:44,675 [Worker-22: Building] INFO  o.e.m.c.i.embedder.EclipseLogger - Adding ignore: module-info
2025-03-31 12:39:44,675 [Worker-22: Building] INFO  o.e.m.c.i.embedder.EclipseLogger - Adding ignore: META-INF/versions/*/module-info
2025-03-31 12:39:44,675 [Worker-22: Building] INFO  o.e.m.c.i.embedder.EclipseLogger - Adding ignore: com.esotericsoftware.kryo.*
2025-03-31 12:39:44,675 [Worker-22: Building] INFO  o.e.m.c.i.embedder.EclipseLogger - Adding ignore: com.esotericsoftware.minlog.*
2025-03-31 12:39:44,675 [Worker-22: Building] INFO  o.e.m.c.i.embedder.EclipseLogger - Adding ignore: com.esotericsoftware.reflectasm.*
2025-03-31 12:39:44,675 [Worker-22: Building] INFO  o.e.m.c.i.embedder.EclipseLogger - Adding ignore: com.google.inject.*
2025-03-31 12:39:44,675 [Worker-22: Building] INFO  o.e.m.c.i.embedder.EclipseLogger - Adding ignore: jnr.ffi.*
2025-03-31 12:39:44,675 [Worker-22: Building] INFO  o.e.m.c.i.embedder.EclipseLogger - Adding ignore: org.apache.hadoop.yarn.*.package-info
2025-03-31 12:39:44,675 [Worker-22: Building] INFO  o.e.m.c.i.embedder.EclipseLogger - Adding ignore: org.apache.spark.unused.UnusedStubClass
2025-03-31 12:39:44,675 [Worker-22: Building] INFO  o.e.m.c.i.embedder.EclipseLogger - Adding ignore: org.hibernate.stat.ConcurrentStatisticsImpl
2025-03-31 12:39:44,675 [Worker-22: Building] INFO  o.e.m.c.i.embedder.EclipseLogger - Adding ignore: org.jetbrains.kotlin.daemon.common.*
2025-03-31 12:39:44,675 [Worker-22: Building] INFO  o.e.m.c.i.embedder.EclipseLogger - Adding ignore: org.junit.runner.Runner
2025-03-31 12:39:44,978 [Worker-22: Building] WARN  o.e.m.c.i.embedder.EclipseLogger - Could not find net.imagej:imagej:jar:2.3.0:compile at null
2025-03-31 12:39:45,373 [Worker-22: Building] INFO  o.e.m.c.i.embedder.EclipseLogger - Adding ignore: module-info
2025-03-31 12:39:45,374 [Worker-22: Building] INFO  o.e.m.c.i.embedder.EclipseLogger - Adding ignore: module-info
2025-03-31 12:39:46,814 [Worker-22: Building] INFO  o.e.m.c.i.embedder.EclipseLogger - Executing: cmd.exe /X /C "git rev-parse --verify HEAD"
2025-03-31 12:39:46,816 [Worker-22: Building] INFO  o.e.m.c.i.embedder.EclipseLogger - Working directory: C:\Users\Guill\OneDrive\Escritorio\TFG\example-imagej2-command-main
2025-03-31 12:39:46,917 [Worker-22: Building] INFO  o.e.m.c.i.embedder.EclipseLogger - Storing buildNumber: UNKNOWN at timestamp: 1743417586814
2025-03-31 12:39:46,986 [Worker-22: Building] WARN  o.e.m.c.i.embedder.EclipseLogger - Cannot get the branch information from the git repository: 
Detecting the current branch failed: fatal: not a git repository (or any of the parent directories): .git

2025-03-31 12:39:46,988 [Worker-22: Building] INFO  o.e.m.c.i.embedder.EclipseLogger - Executing: cmd.exe /X /C "git rev-parse --verify HEAD"
2025-03-31 12:39:46,988 [Worker-22: Building] INFO  o.e.m.c.i.embedder.EclipseLogger - Working directory: C:\Users\Guill\OneDrive\Escritorio\TFG\example-imagej2-command-main
2025-03-31 12:39:47,056 [Worker-22: Building] INFO  o.e.m.c.i.embedder.EclipseLogger - Storing buildScmBranch: UNKNOWN_BRANCH
2025-03-31 12:39:47,076 [Worker-22: Building] INFO  o.e.m.c.i.embedder.EclipseLogger - Using 'UTF-8' encoding to copy filtered resources.
2025-03-31 12:39:47,076 [Worker-22: Building] INFO  o.e.m.c.i.embedder.EclipseLogger - Using 'UTF-8' encoding to copy filtered properties files.
2025-03-31 12:39:47,076 [Worker-22: Building] INFO  o.e.m.c.i.embedder.EclipseLogger - skip non existing resourceDirectory C:\Users\Guill\OneDrive\Escritorio\TFG\example-imagej2-command-main\src\main\resources
2025-03-31 12:39:48,332 [Worker-22: Building] INFO  o.e.m.c.i.embedder.EclipseLogger - Parsing SciJava annotations
2025-03-31 12:39:48,467 [Worker-22: Building] INFO  o.e.m.c.i.embedder.EclipseLogger - Using 'UTF-8' encoding to copy filtered resources.
2025-03-31 12:39:48,468 [Worker-22: Building] INFO  o.e.m.c.i.embedder.EclipseLogger - Using 'UTF-8' encoding to copy filtered properties files.
2025-03-31 12:39:48,468 [Worker-22: Building] INFO  o.e.m.c.i.embedder.EclipseLogger - skip non existing resourceDirectory C:\Users\Guill\OneDrive\Escritorio\TFG\example-imagej2-command-main\src\test\resources
2025-03-31 12:40:30,041 [Worker-20: Updating Maven Project] INFO  o.e.m.c.i.p.ProjectConfigurationManager - Update started
2025-03-31 12:40:30,469 [Worker-20: Updating Maven Project] INFO  o.e.m.c.i.l.LifecycleMappingFactory - Using org.eclipse.m2e.jdt.JarLifecycleMapping lifecycle mapping for MavenProject: es.us.universidad:WoundHealingTracker:1.0.0-SNAPSHOT @ C:\Users\Guill\OneDrive\Escritorio\TFG\example-imagej2-command-main\pom.xml.
2025-03-31 12:40:31,932 [Worker-20: Updating Maven Project] INFO  o.e.m.c.i.embedder.EclipseLogger - Adding ignore: module-info
2025-03-31 12:40:31,932 [Worker-20: Updating Maven Project] INFO  o.e.m.c.i.embedder.EclipseLogger - Adding ignore: META-INF/versions/*/module-info
2025-03-31 12:40:31,932 [Worker-20: Updating Maven Project] INFO  o.e.m.c.i.embedder.EclipseLogger - Adding ignore: com.esotericsoftware.kryo.*
2025-03-31 12:40:31,932 [Worker-20: Updating Maven Project] INFO  o.e.m.c.i.embedder.EclipseLogger - Adding ignore: com.esotericsoftware.minlog.*
2025-03-31 12:40:31,932 [Worker-20: Updating Maven Project] INFO  o.e.m.c.i.embedder.EclipseLogger - Adding ignore: com.esotericsoftware.reflectasm.*
2025-03-31 12:40:31,932 [Worker-20: Updating Maven Project] INFO  o.e.m.c.i.embedder.EclipseLogger - Adding ignore: com.google.inject.*
2025-03-31 12:40:31,932 [Worker-20: Updating Maven Project] INFO  o.e.m.c.i.embedder.EclipseLogger - Adding ignore: jnr.ffi.*
2025-03-31 12:40:31,932 [Worker-20: Updating Maven Project] INFO  o.e.m.c.i.embedder.EclipseLogger - Adding ignore: org.apache.hadoop.yarn.*.package-info
2025-03-31 12:40:31,932 [Worker-20: Updating Maven Project] INFO  o.e.m.c.i.embedder.EclipseLogger - Adding ignore: org.apache.spark.unused.UnusedStubClass
2025-03-31 12:40:31,932 [Worker-20: Updating Maven Project] INFO  o.e.m.c.i.embedder.EclipseLogger - Adding ignore: org.hibernate.stat.ConcurrentStatisticsImpl
2025-03-31 12:40:31,932 [Worker-20: Updating Maven Project] INFO  o.e.m.c.i.embedder.EclipseLogger - Adding ignore: org.jetbrains.kotlin.daemon.common.*
2025-03-31 12:40:31,932 [Worker-20: Updating Maven Project] INFO  o.e.m.c.i.embedder.EclipseLogger - Adding ignore: org.junit.runner.Runner
2025-03-31 12:40:32,179 [Worker-20: Updating Maven Project] WARN  o.e.m.c.i.embedder.EclipseLogger - Could not find net.imagej:imagej:jar:2.3.0:compile at null
2025-03-31 12:40:32,426 [Worker-20: Updating Maven Project] INFO  o.e.m.c.i.embedder.EclipseLogger - Adding ignore: module-info
2025-03-31 12:40:32,427 [Worker-20: Updating Maven Project] INFO  o.e.m.c.i.embedder.EclipseLogger - Adding ignore: module-info
2025-03-31 12:40:33,630 [Worker-20: Updating Maven Project] INFO  o.e.m.c.i.embedder.EclipseLogger - Executing: cmd.exe /X /C "git rev-parse --verify HEAD"
2025-03-31 12:40:33,630 [Worker-20: Updating Maven Project] INFO  o.e.m.c.i.embedder.EclipseLogger - Working directory: C:\Users\Guill\OneDrive\Escritorio\TFG\example-imagej2-command-main
2025-03-31 12:40:33,705 [Worker-20: Updating Maven Project] INFO  o.e.m.c.i.embedder.EclipseLogger - Storing buildNumber: UNKNOWN at timestamp: 1743417633616
2025-03-31 12:40:33,758 [Worker-20: Updating Maven Project] WARN  o.e.m.c.i.embedder.EclipseLogger - Cannot get the branch information from the git repository: 
Detecting the current branch failed: fatal: not a git repository (or any of the parent directories): .git

2025-03-31 12:40:33,759 [Worker-20: Updating Maven Project] INFO  o.e.m.c.i.embedder.EclipseLogger - Executing: cmd.exe /X /C "git rev-parse --verify HEAD"
2025-03-31 12:40:33,760 [Worker-20: Updating Maven Project] INFO  o.e.m.c.i.embedder.EclipseLogger - Working directory: C:\Users\Guill\OneDrive\Escritorio\TFG\example-imagej2-command-main
2025-03-31 12:40:33,798 [Worker-20: Updating Maven Project] INFO  o.e.m.c.i.embedder.EclipseLogger - Storing buildScmBranch: UNKNOWN_BRANCH
2025-03-31 12:40:33,931 [Worker-20: Updating Maven Project] INFO  o.e.m.j.i.AbstractJavaProjectConfigurator - Adding source folder /WoundHealingTracker/src/main/java
2025-03-31 12:40:33,932 [Worker-20: Updating Maven Project] INFO  o.e.m.j.i.AbstractJavaProjectConfigurator - Adding resource folder /WoundHealingTracker/src/main/resources
2025-03-31 12:40:33,933 [Worker-20: Updating Maven Project] INFO  o.e.m.j.i.AbstractJavaProjectConfigurator - Adding source folder /WoundHealingTracker/src/test/java
2025-03-31 12:40:33,933 [Worker-20: Updating Maven Project] INFO  o.e.m.j.i.AbstractJavaProjectConfigurator - Adding resource folder /WoundHealingTracker/src/test/resources
2025-03-31 12:40:34,232 [Worker-20: Updating Maven Project] INFO  o.e.m.c.i.p.ProjectConfigurationManager - Update completed for 1 poms: local refresh takes 0,00 sec, refresh facades takes 1,00 sec, update config takes 2,00 sec 
2025-03-31 12:40:34,576 [Worker-1: Building] INFO  o.e.m.c.i.embedder.EclipseLogger - Adding ignore: module-info
2025-03-31 12:40:34,576 [Worker-1: Building] INFO  o.e.m.c.i.embedder.EclipseLogger - Adding ignore: META-INF/versions/*/module-info
2025-03-31 12:40:34,576 [Worker-1: Building] INFO  o.e.m.c.i.embedder.EclipseLogger - Adding ignore: com.esotericsoftware.kryo.*
2025-03-31 12:40:34,576 [Worker-1: Building] INFO  o.e.m.c.i.embedder.EclipseLogger - Adding ignore: com.esotericsoftware.minlog.*
2025-03-31 12:40:34,576 [Worker-1: Building] INFO  o.e.m.c.i.embedder.EclipseLogger - Adding ignore: com.esotericsoftware.reflectasm.*
2025-03-31 12:40:34,576 [Worker-1: Building] INFO  o.e.m.c.i.embedder.EclipseLogger - Adding ignore: com.google.inject.*
2025-03-31 12:40:34,576 [Worker-1: Building] INFO  o.e.m.c.i.embedder.EclipseLogger - Adding ignore: jnr.ffi.*
2025-03-31 12:40:34,576 [Worker-1: Building] INFO  o.e.m.c.i.embedder.EclipseLogger - Adding ignore: org.apache.hadoop.yarn.*.package-info
2025-03-31 12:40:34,576 [Worker-1: Building] INFO  o.e.m.c.i.embedder.EclipseLogger - Adding ignore: org.apache.spark.unused.UnusedStubClass
2025-03-31 12:40:34,576 [Worker-1: Building] INFO  o.e.m.c.i.embedder.EclipseLogger - Adding ignore: org.hibernate.stat.ConcurrentStatisticsImpl
2025-03-31 12:40:34,576 [Worker-1: Building] INFO  o.e.m.c.i.embedder.EclipseLogger - Adding ignore: org.jetbrains.kotlin.daemon.common.*
2025-03-31 12:40:34,577 [Worker-1: Building] INFO  o.e.m.c.i.embedder.EclipseLogger - Adding ignore: org.junit.runner.Runner
2025-03-31 12:40:34,738 [Worker-1: Building] WARN  o.e.m.c.i.embedder.EclipseLogger - Could not find net.imagej:imagej:jar:2.3.0:compile at null
2025-03-31 12:40:34,959 [Worker-1: Building] INFO  o.e.m.c.i.embedder.EclipseLogger - Adding ignore: module-info
2025-03-31 12:40:34,960 [Worker-1: Building] INFO  o.e.m.c.i.embedder.EclipseLogger - Adding ignore: module-info
2025-03-31 12:40:35,818 [Worker-1: Building] INFO  o.e.m.c.i.embedder.EclipseLogger - Executing: cmd.exe /X /C "git rev-parse --verify HEAD"
2025-03-31 12:40:35,819 [Worker-1: Building] INFO  o.e.m.c.i.embedder.EclipseLogger - Working directory: C:\Users\Guill\OneDrive\Escritorio\TFG\example-imagej2-command-main
2025-03-31 12:40:35,862 [Worker-1: Building] INFO  o.e.m.c.i.embedder.EclipseLogger - Storing buildNumber: UNKNOWN at timestamp: 1743417635818
2025-03-31 12:40:35,902 [Worker-1: Building] WARN  o.e.m.c.i.embedder.EclipseLogger - Cannot get the branch information from the git repository: 
Detecting the current branch failed: fatal: not a git repository (or any of the parent directories): .git

2025-03-31 12:40:35,903 [Worker-1: Building] INFO  o.e.m.c.i.embedder.EclipseLogger - Executing: cmd.exe /X /C "git rev-parse --verify HEAD"
2025-03-31 12:40:35,904 [Worker-1: Building] INFO  o.e.m.c.i.embedder.EclipseLogger - Working directory: C:\Users\Guill\OneDrive\Escritorio\TFG\example-imagej2-command-main
2025-03-31 12:40:35,939 [Worker-1: Building] INFO  o.e.m.c.i.embedder.EclipseLogger - Storing buildScmBranch: UNKNOWN_BRANCH
2025-03-31 12:40:35,948 [Worker-1: Building] INFO  o.e.m.c.i.embedder.EclipseLogger - Using 'UTF-8' encoding to copy filtered resources.
2025-03-31 12:40:35,948 [Worker-1: Building] INFO  o.e.m.c.i.embedder.EclipseLogger - Using 'UTF-8' encoding to copy filtered properties files.
2025-03-31 12:40:35,948 [Worker-1: Building] INFO  o.e.m.c.i.embedder.EclipseLogger - skip non existing resourceDirectory C:\Users\Guill\OneDrive\Escritorio\TFG\example-imagej2-command-main\src\main\resources
2025-03-31 12:40:36,242 [Worker-1: Building] INFO  o.e.m.c.i.embedder.EclipseLogger - Parsing SciJava annotations
2025-03-31 12:40:36,299 [Worker-1: Building] INFO  o.e.m.c.i.embedder.EclipseLogger - Using 'UTF-8' encoding to copy filtered resources.
2025-03-31 12:40:36,299 [Worker-1: Building] INFO  o.e.m.c.i.embedder.EclipseLogger - Using 'UTF-8' encoding to copy filtered properties files.
2025-03-31 12:40:36,299 [Worker-1: Building] INFO  o.e.m.c.i.embedder.EclipseLogger - skip non existing resourceDirectory C:\Users\Guill\OneDrive\Escritorio\TFG\example-imagej2-command-main\src\test\resources
2025-03-31 12:40:45,092 [main] INFO  o.e.m2e.actions.ExecutePomAction - Creating new launch configuration
2025-03-31 12:41:43,680 [Worker-11: Launching BuildPlugin] INFO  o.eclipse.m2e.core.internal.Bundles - getClasspathEntries(Bundle=org.eclipse.m2e.maven.runtime_3.9.700.20240602-2313 [300])
2025-03-31 12:41:43,682 [Worker-11: Launching BuildPlugin] INFO  o.eclipse.m2e.core.internal.Bundles - 	Entry: C:\Users\Guill\eclipse\plugins\org.eclipse.m2e.maven.runtime_3.9.700.20240602-2313
2025-03-31 12:41:43,683 [Worker-11: Launching BuildPlugin] INFO  o.eclipse.m2e.core.internal.Bundles - 	Entry: C:\Users\Guill\eclipse\plugins\org.eclipse.m2e.maven.runtime_3.9.700.20240602-2313\jars\aopalliance-1.0.jar
2025-03-31 12:41:43,683 [Worker-11: Launching BuildPlugin] INFO  o.eclipse.m2e.core.internal.Bundles - 	Entry: C:\Users\Guill\eclipse\plugins\org.eclipse.m2e.maven.runtime_3.9.700.20240602-2313\jars\guice-5.1.0.jar
2025-03-31 12:41:43,683 [Worker-11: Launching BuildPlugin] INFO  o.eclipse.m2e.core.internal.Bundles - 	Entry: C:\Users\Guill\eclipse\plugins\org.eclipse.m2e.maven.runtime_3.9.700.20240602-2313\jars\httpclient-4.5.14.jar
2025-03-31 12:41:43,684 [Worker-11: Launching BuildPlugin] INFO  o.eclipse.m2e.core.internal.Bundles - 	Entry: C:\Users\Guill\eclipse\plugins\org.eclipse.m2e.maven.runtime_3.9.700.20240602-2313\jars\httpcore-4.4.16.jar
2025-03-31 12:41:43,684 [Worker-11: Launching BuildPlugin] INFO  o.eclipse.m2e.core.internal.Bundles - 	Entry: C:\Users\Guill\eclipse\plugins\org.eclipse.m2e.maven.runtime_3.9.700.20240602-2313\jars\jansi-2.4.1.jar
2025-03-31 12:41:43,684 [Worker-11: Launching BuildPlugin] INFO  o.eclipse.m2e.core.internal.Bundles - 	Entry: C:\Users\Guill\eclipse\plugins\org.eclipse.m2e.maven.runtime_3.9.700.20240602-2313\jars\jcl-over-slf4j-1.7.36.jar
2025-03-31 12:41:43,686 [Worker-11: Launching BuildPlugin] INFO  o.eclipse.m2e.core.internal.Bundles - 	Entry: C:\Users\Guill\eclipse\plugins\org.eclipse.m2e.maven.runtime_3.9.700.20240602-2313\jars\maven-artifact-3.9.7.jar
2025-03-31 12:41:43,686 [Worker-11: Launching BuildPlugin] INFO  o.eclipse.m2e.core.internal.Bundles - 	Entry: C:\Users\Guill\eclipse\plugins\org.eclipse.m2e.maven.runtime_3.9.700.20240602-2313\jars\maven-builder-support-3.9.7.jar
2025-03-31 12:41:43,686 [Worker-11: Launching BuildPlugin] INFO  o.eclipse.m2e.core.internal.Bundles - 	Entry: C:\Users\Guill\eclipse\plugins\org.eclipse.m2e.maven.runtime_3.9.700.20240602-2313\jars\maven-compat-3.9.7.jar
2025-03-31 12:41:43,686 [Worker-11: Launching BuildPlugin] INFO  o.eclipse.m2e.core.internal.Bundles - 	Entry: C:\Users\Guill\eclipse\plugins\org.eclipse.m2e.maven.runtime_3.9.700.20240602-2313\jars\maven-core-3.9.7.jar
2025-03-31 12:41:43,686 [Worker-11: Launching BuildPlugin] INFO  o.eclipse.m2e.core.internal.Bundles - 	Entry: C:\Users\Guill\eclipse\plugins\org.eclipse.m2e.maven.runtime_3.9.700.20240602-2313\jars\maven-embedder-3.9.7.jar
2025-03-31 12:41:43,686 [Worker-11: Launching BuildPlugin] INFO  o.eclipse.m2e.core.internal.Bundles - 	Entry: C:\Users\Guill\eclipse\plugins\org.eclipse.m2e.maven.runtime_3.9.700.20240602-2313\jars\maven-model-3.9.7.jar
2025-03-31 12:41:43,687 [Worker-11: Launching BuildPlugin] INFO  o.eclipse.m2e.core.internal.Bundles - 	Entry: C:\Users\Guill\eclipse\plugins\org.eclipse.m2e.maven.runtime_3.9.700.20240602-2313\jars\maven-model-builder-3.9.7.jar
2025-03-31 12:41:43,687 [Worker-11: Launching BuildPlugin] INFO  o.eclipse.m2e.core.internal.Bundles - 	Entry: C:\Users\Guill\eclipse\plugins\org.eclipse.m2e.maven.runtime_3.9.700.20240602-2313\jars\maven-plugin-api-3.9.7.jar
2025-03-31 12:41:43,687 [Worker-11: Launching BuildPlugin] INFO  o.eclipse.m2e.core.internal.Bundles - 	Entry: C:\Users\Guill\eclipse\plugins\org.eclipse.m2e.maven.runtime_3.9.700.20240602-2313\jars\maven-repository-metadata-3.9.7.jar
2025-03-31 12:41:43,687 [Worker-11: Launching BuildPlugin] INFO  o.eclipse.m2e.core.internal.Bundles - 	Entry: C:\Users\Guill\eclipse\plugins\org.eclipse.m2e.maven.runtime_3.9.700.20240602-2313\jars\maven-resolver-api-1.9.20.jar
2025-03-31 12:41:43,687 [Worker-11: Launching BuildPlugin] INFO  o.eclipse.m2e.core.internal.Bundles - 	Entry: C:\Users\Guill\eclipse\plugins\org.eclipse.m2e.maven.runtime_3.9.700.20240602-2313\jars\maven-resolver-connector-basic-1.9.20.jar
2025-03-31 12:41:43,687 [Worker-11: Launching BuildPlugin] INFO  o.eclipse.m2e.core.internal.Bundles - 	Entry: C:\Users\Guill\eclipse\plugins\org.eclipse.m2e.maven.runtime_3.9.700.20240602-2313\jars\maven-resolver-impl-1.9.20.jar
2025-03-31 12:41:43,687 [Worker-11: Launching BuildPlugin] INFO  o.eclipse.m2e.core.internal.Bundles - 	Entry: C:\Users\Guill\eclipse\plugins\org.eclipse.m2e.maven.runtime_3.9.700.20240602-2313\jars\maven-resolver-named-locks-1.9.20.jar
2025-03-31 12:41:43,687 [Worker-11: Launching BuildPlugin] INFO  o.eclipse.m2e.core.internal.Bundles - 	Entry: C:\Users\Guill\eclipse\plugins\org.eclipse.m2e.maven.runtime_3.9.700.20240602-2313\jars\maven-resolver-provider-3.9.7.jar
2025-03-31 12:41:43,688 [Worker-11: Launching BuildPlugin] INFO  o.eclipse.m2e.core.internal.Bundles - 	Entry: C:\Users\Guill\eclipse\plugins\org.eclipse.m2e.maven.runtime_3.9.700.20240602-2313\jars\maven-resolver-spi-1.9.20.jar
2025-03-31 12:41:43,688 [Worker-11: Launching BuildPlugin] INFO  o.eclipse.m2e.core.internal.Bundles - 	Entry: C:\Users\Guill\eclipse\plugins\org.eclipse.m2e.maven.runtime_3.9.700.20240602-2313\jars\maven-resolver-transport-file-1.9.20.jar
2025-03-31 12:41:43,688 [Worker-11: Launching BuildPlugin] INFO  o.eclipse.m2e.core.internal.Bundles - 	Entry: C:\Users\Guill\eclipse\plugins\org.eclipse.m2e.maven.runtime_3.9.700.20240602-2313\jars\maven-resolver-transport-http-1.9.20.jar
2025-03-31 12:41:43,688 [Worker-11: Launching BuildPlugin] INFO  o.eclipse.m2e.core.internal.Bundles - 	Entry: C:\Users\Guill\eclipse\plugins\org.eclipse.m2e.maven.runtime_3.9.700.20240602-2313\jars\maven-resolver-transport-wagon-1.9.20.jar
2025-03-31 12:41:43,688 [Worker-11: Launching BuildPlugin] INFO  o.eclipse.m2e.core.internal.Bundles - 	Entry: C:\Users\Guill\eclipse\plugins\org.eclipse.m2e.maven.runtime_3.9.700.20240602-2313\jars\maven-resolver-util-1.9.20.jar
2025-03-31 12:41:43,688 [Worker-11: Launching BuildPlugin] INFO  o.eclipse.m2e.core.internal.Bundles - 	Entry: C:\Users\Guill\eclipse\plugins\org.eclipse.m2e.maven.runtime_3.9.700.20240602-2313\jars\maven-settings-3.9.7.jar
2025-03-31 12:41:43,688 [Worker-11: Launching BuildPlugin] INFO  o.eclipse.m2e.core.internal.Bundles - 	Entry: C:\Users\Guill\eclipse\plugins\org.eclipse.m2e.maven.runtime_3.9.700.20240602-2313\jars\maven-settings-builder-3.9.7.jar
2025-03-31 12:41:43,688 [Worker-11: Launching BuildPlugin] INFO  o.eclipse.m2e.core.internal.Bundles - 	Entry: C:\Users\Guill\eclipse\plugins\org.eclipse.m2e.maven.runtime_3.9.700.20240602-2313\jars\maven-shared-utils-3.4.2.jar
2025-03-31 12:41:43,689 [Worker-11: Launching BuildPlugin] INFO  o.eclipse.m2e.core.internal.Bundles - 	Entry: C:\Users\Guill\eclipse\plugins\org.eclipse.m2e.maven.runtime_3.9.700.20240602-2313\jars\org.eclipse.sisu.inject-0.9.0.M2.jar
2025-03-31 12:41:43,689 [Worker-11: Launching BuildPlugin] INFO  o.eclipse.m2e.core.internal.Bundles - 	Entry: C:\Users\Guill\eclipse\plugins\org.eclipse.m2e.maven.runtime_3.9.700.20240602-2313\jars\org.eclipse.sisu.plexus-0.9.0.M2.jar
2025-03-31 12:41:43,689 [Worker-11: Launching BuildPlugin] INFO  o.eclipse.m2e.core.internal.Bundles - 	Entry: C:\Users\Guill\eclipse\plugins\org.eclipse.m2e.maven.runtime_3.9.700.20240602-2313\jars\plexus-build-api-0.0.7.jar
2025-03-31 12:41:43,689 [Worker-11: Launching BuildPlugin] INFO  o.eclipse.m2e.core.internal.Bundles - 	Entry: C:\Users\Guill\eclipse\plugins\org.eclipse.m2e.maven.runtime_3.9.700.20240602-2313\jars\plexus-build-api-1.2.0.jar
2025-03-31 12:41:43,689 [Worker-11: Launching BuildPlugin] INFO  o.eclipse.m2e.core.internal.Bundles - 	Entry: C:\Users\Guill\eclipse\plugins\org.eclipse.m2e.maven.runtime_3.9.700.20240602-2313\jars\plexus-cipher-2.0.jar
2025-03-31 12:41:43,689 [Worker-11: Launching BuildPlugin] INFO  o.eclipse.m2e.core.internal.Bundles - 	Entry: C:\Users\Guill\eclipse\plugins\org.eclipse.m2e.maven.runtime_3.9.700.20240602-2313\jars\plexus-classworlds-2.8.0.jar
2025-03-31 12:41:43,689 [Worker-11: Launching BuildPlugin] INFO  o.eclipse.m2e.core.internal.Bundles - 	Entry: C:\Users\Guill\eclipse\plugins\org.eclipse.m2e.maven.runtime_3.9.700.20240602-2313\jars\plexus-component-annotations-2.1.0.jar
2025-03-31 12:41:43,689 [Worker-11: Launching BuildPlugin] INFO  o.eclipse.m2e.core.internal.Bundles - 	Entry: C:\Users\Guill\eclipse\plugins\org.eclipse.m2e.maven.runtime_3.9.700.20240602-2313\jars\plexus-interpolation-1.27.jar
2025-03-31 12:41:43,690 [Worker-11: Launching BuildPlugin] INFO  o.eclipse.m2e.core.internal.Bundles - 	Entry: C:\Users\Guill\eclipse\plugins\org.eclipse.m2e.maven.runtime_3.9.700.20240602-2313\jars\plexus-sec-dispatcher-2.0.jar
2025-03-31 12:41:43,690 [Worker-11: Launching BuildPlugin] INFO  o.eclipse.m2e.core.internal.Bundles - 	Entry: C:\Users\Guill\eclipse\plugins\org.eclipse.m2e.maven.runtime_3.9.700.20240602-2313\jars\plexus-utils-3.5.1.jar
2025-03-31 12:41:43,690 [Worker-11: Launching BuildPlugin] INFO  o.eclipse.m2e.core.internal.Bundles - 	Entry: C:\Users\Guill\eclipse\plugins\org.eclipse.m2e.maven.runtime_3.9.700.20240602-2313\jars\wagon-file-3.5.3.jar
2025-03-31 12:41:43,690 [Worker-11: Launching BuildPlugin] INFO  o.eclipse.m2e.core.internal.Bundles - 	Entry: C:\Users\Guill\eclipse\plugins\org.eclipse.m2e.maven.runtime_3.9.700.20240602-2313\jars\wagon-http-3.5.3.jar
2025-03-31 12:41:43,690 [Worker-11: Launching BuildPlugin] INFO  o.eclipse.m2e.core.internal.Bundles - 	Entry: C:\Users\Guill\eclipse\plugins\org.eclipse.m2e.maven.runtime_3.9.700.20240602-2313\jars\wagon-http-shared-3.5.3.jar
2025-03-31 12:41:43,690 [Worker-11: Launching BuildPlugin] INFO  o.eclipse.m2e.core.internal.Bundles - 	Entry: C:\Users\Guill\eclipse\plugins\org.eclipse.m2e.maven.runtime_3.9.700.20240602-2313\jars\wagon-provider-api-3.5.3.jar
2025-03-31 12:41:43,691 [Worker-11: Launching BuildPlugin] INFO  o.eclipse.m2e.core.internal.Bundles - getClasspathEntries(Bundle=com.google.guava_33.2.0.jre [10])
2025-03-31 12:41:43,692 [Worker-11: Launching BuildPlugin] INFO  o.eclipse.m2e.core.internal.Bundles - 	Entry: C:\Users\Guill\eclipse\plugins\com.google.guava_33.2.0.jre.jar
2025-03-31 12:41:43,692 [Worker-11: Launching BuildPlugin] INFO  o.eclipse.m2e.core.internal.Bundles - getClasspathEntries(Bundle=slf4j.api_2.0.13 [521])
2025-03-31 12:41:43,692 [Worker-11: Launching BuildPlugin] INFO  o.eclipse.m2e.core.internal.Bundles - 	Entry: C:\Users\Guill\eclipse\plugins\slf4j.api_2.0.13.jar
2025-03-31 12:41:43,692 [Worker-11: Launching BuildPlugin] INFO  o.eclipse.m2e.core.internal.Bundles - getClasspathEntries(Bundle=jakarta.inject.jakarta.inject-api_1.0.5 [21])
2025-03-31 12:41:43,692 [Worker-11: Launching BuildPlugin] INFO  o.eclipse.m2e.core.internal.Bundles - 	Entry: C:\Users\Guill\eclipse\plugins\jakarta.inject.jakarta.inject-api_1.0.5.jar
2025-03-31 12:41:43,692 [Worker-11: Launching BuildPlugin] INFO  o.eclipse.m2e.core.internal.Bundles - getClasspathEntries(Bundle=javax.annotation_1.3.5.v20200909-1856 [24])
2025-03-31 12:41:43,692 [Worker-11: Launching BuildPlugin] INFO  o.eclipse.m2e.core.internal.Bundles - 	Entry: C:\Users\Guill\eclipse\plugins\javax.annotation_1.3.5.v20200909-1856.jar
2025-03-31 12:41:43,692 [Worker-11: Launching BuildPlugin] INFO  o.eclipse.m2e.core.internal.Bundles - getClasspathEntries(Bundle=org.apache.commons.cli_1.8.0 [47])
2025-03-31 12:41:43,693 [Worker-11: Launching BuildPlugin] INFO  o.eclipse.m2e.core.internal.Bundles - 	Entry: C:\Users\Guill\eclipse\plugins\org.apache.commons.cli_1.8.0.jar
2025-03-31 12:41:43,693 [Worker-11: Launching BuildPlugin] INFO  o.eclipse.m2e.core.internal.Bundles - getClasspathEntries(Bundle=org.apache.commons.commons-codec_1.16.0 [48])
2025-03-31 12:41:43,693 [Worker-11: Launching BuildPlugin] INFO  o.eclipse.m2e.core.internal.Bundles - 	Entry: C:\Users\Guill\eclipse\plugins\org.apache.commons.commons-codec_1.16.0.jar
2025-03-31 12:41:43,693 [Worker-11: Launching BuildPlugin] INFO  o.eclipse.m2e.core.internal.Bundles - getClasspathEntries(Bundle=org.apache.commons.lang3_3.14.0 [54])
2025-03-31 12:41:43,694 [Worker-11: Launching BuildPlugin] INFO  o.eclipse.m2e.core.internal.Bundles - 	Entry: C:\Users\Guill\eclipse\plugins\org.apache.commons.lang3_3.14.0.jar
2025-03-31 12:41:43,694 [Worker-11: Launching BuildPlugin] INFO  o.eclipse.m2e.core.internal.Bundles - getClasspathEntries(Bundle=com.google.guava.failureaccess_1.0.2 [11])
2025-03-31 12:41:43,694 [Worker-11: Launching BuildPlugin] INFO  o.eclipse.m2e.core.internal.Bundles - 	Entry: C:\Users\Guill\eclipse\plugins\com.google.guava.failureaccess_1.0.2.jar
2025-03-31 12:41:43,696 [Worker-11: Launching BuildPlugin] INFO  o.e.m.i.launch.MavenLaunchDelegate - Run build in "C:\Users\Guill\OneDrive\Escritorio\TFG\example-imagej2-command-main":
2025-03-31 12:41:43,702 [Worker-11: Launching BuildPlugin] INFO  o.e.m.i.launch.MavenLaunchDelegate -  mvn  -Dscijava.app.directory=C:\Users\Guill\OneDrive\Escritorio\TFG\fiji-win64\Fiji.app -B -Dstyle.color=always install
